<?xml version="1.0" encoding="UTF-8"?>
<testng-results ignored="0" total="3" passed="3" failed="0" skipped="0">
  <reporter-output>
  </reporter-output>
  <suite started-at="2025-07-04T18:16:48 IST" name="Default suite" finished-at="2025-07-04T18:17:12 IST" duration-ms="23547">
    <groups>
    </groups>
    <test started-at="2025-07-04T18:16:48 IST" name="Default test" finished-at="2025-07-04T18:17:12 IST" duration-ms="23547">
      <class name="automation.tests.LoginTest">
        <test-method is-config="true" signature="initDriver()[pri:0, instance:automation.tests.LoginTest@3e694b3f]" started-at="2025-07-04T18:16:49 IST" name="initDriver" finished-at="2025-07-04T18:16:56 IST" duration-ms="7281" status="PASS">
          <reporter-output>
          </reporter-output>
        </test-method> <!-- initDriver -->
        <test-method signature="DirectSignIn()[pri:0, instance:automation.tests.LoginTest@3e694b3f]" started-at="2025-07-04T18:16:56 IST" name="DirectSignIn" finished-at="2025-07-04T18:16:59 IST" duration-ms="3164" status="PASS">
          <reporter-output>
          </reporter-output>
        </test-method> <!-- DirectSignIn -->
        <test-method is-config="true" signature="tearDown()[pri:0, instance:automation.tests.LoginTest@3e694b3f]" started-at="2025-07-04T18:16:59 IST" name="tearDown" finished-at="2025-07-04T18:17:00 IST" duration-ms="623" status="PASS">
          <reporter-output>
          </reporter-output>
        </test-method> <!-- tearDown -->
        <test-method is-config="true" signature="initDriver()[pri:0, instance:automation.tests.LoginTest@3e694b3f]" started-at="2025-07-04T18:17:00 IST" name="initDriver" finished-at="2025-07-04T18:17:02 IST" duration-ms="2371" status="PASS">
          <reporter-output>
          </reporter-output>
        </test-method> <!-- initDriver -->
        <test-method signature="invalidSignIn()[pri:0, instance:automation.tests.LoginTest@3e694b3f]" started-at="2025-07-04T18:17:02 IST" name="invalidSignIn" finished-at="2025-07-04T18:17:05 IST" duration-ms="3158" status="PASS">
          <reporter-output>
          </reporter-output>
        </test-method> <!-- invalidSignIn -->
        <test-method is-config="true" signature="tearDown()[pri:0, instance:automation.tests.LoginTest@3e694b3f]" started-at="2025-07-04T18:17:05 IST" name="tearDown" finished-at="2025-07-04T18:17:06 IST" duration-ms="523" status="PASS">
          <reporter-output>
          </reporter-output>
        </test-method> <!-- tearDown -->
        <test-method is-config="true" signature="initDriver()[pri:0, instance:automation.tests.LoginTest@3e694b3f]" started-at="2025-07-04T18:17:06 IST" name="initDriver" finished-at="2025-07-04T18:17:08 IST" duration-ms="2633" status="PASS">
          <reporter-output>
          </reporter-output>
        </test-method> <!-- initDriver -->
        <test-method signature="onlyUsernameSignIn()[pri:0, instance:automation.tests.LoginTest@3e694b3f]" started-at="2025-07-04T18:17:08 IST" name="onlyUsernameSignIn" finished-at="2025-07-04T18:17:11 IST" duration-ms="3065" status="PASS">
          <reporter-output>
          </reporter-output>
        </test-method> <!-- onlyUsernameSignIn -->
        <test-method is-config="true" signature="tearDown()[pri:0, instance:automation.tests.LoginTest@3e694b3f]" started-at="2025-07-04T18:17:11 IST" name="tearDown" finished-at="2025-07-04T18:17:12 IST" duration-ms="589" status="PASS">
          <reporter-output>
          </reporter-output>
        </test-method> <!-- tearDown -->
      </class> <!-- automation.tests.LoginTest -->
    </test> <!-- Default test -->
  </suite> <!-- Default suite -->
</testng-results>
