<?xml version="1.0" encoding="UTF-8"?>
<!-- Generated by org.testng.reporters.JUnitXMLReporter -->
<testsuite ignored="0" hostname="Nikhil" failures="0" tests="4" name="Default test" time="29.742" errors="0" timestamp="2025-07-06T18:39:29 IST">
  <testcase classname="automation.tests.LoginTest" name="DirectSignIn" time="3.57"/>
  <testcase classname="automation.tests.LoginTest" name="ValidLogin" time="5.178"/>
  <testcase classname="automation.tests.LoginTest" name="invalidSignIn" time="3.367"/>
  <testcase classname="automation.tests.LoginTest" name="onlyUsernameSignIn" time="2.825"/>
</testsuite> <!-- Default test -->
