<?xml version="1.0" encoding="UTF-8"?>
<!-- Generated by org.testng.reporters.JUnitXMLReporter -->
<testsuite ignored="0" hostname="Nikhil" failures="0" tests="3" name="Default test" time="23.547" errors="0" timestamp="2025-07-04T18:17:12 IST">
  <testcase classname="automation.tests.LoginTest" name="DirectSignIn" time="3.164"/>
  <testcase classname="automation.tests.LoginTest" name="invalidSignIn" time="3.158"/>
  <testcase classname="automation.tests.LoginTest" name="onlyUsernameSignIn" time="3.065"/>
</testsuite> <!-- Default test -->
